2023-07-06 16:22:47 INFO    GTAnalysis.__init__(): 
--------------------------------------------------------------------------------
fermipy version 0.20.0 
ScienceTools version 1.2.23
2023-07-06 16:22:47 DEBUG   GTAnalysis.print_config(): Configuration:
binning:
  binsperdec: 10.0
  binsz: 0.08
  coordsys: GAL
  enumbins: null
  hpx_ebin: true
  hpx_order: 10
  hpx_ordering_scheme: RING
  npix: !!python/tuple
  - 625
  - 50
  proj: CAR
  projtype: WCS
  roiwidth: 10.0
components: []
data:
  cacheft1: true
  evfile: /pub/abrought/fermi-ml/data/filelist.txt
  ltcube: null
  scfile: /pub/abrought/fermi-ml/data/spacecraft.fits
extension:
  fit_ebin: false
  fit_position: false
  fix_shape: false
  free_background: false
  free_radius: null
  make_plots: false
  make_tsmap: true
  psf_scale_fn: null
  save_model_map: false
  spatial_model: RadialGaussian
  sqrt_ts_threshold: null
  tsmap_fitter: tsmap
  update: false
  width: []
  width_max: 1.0
  width_min: 0.01
  width_nstep: 21
  write_fits: true
  write_npy: true
fileio:
  logfile: /dfs8/pub/abrought/fermi-ml/examples/example3/output/sim_0/fermipy.log
  outdir: /dfs8/pub/abrought/fermi-ml/examples/example3/output/sim_0
  outdir_regex:
  - \.fits$|\.fit$|\.xml$|\.npy$|\.png$|\.pdf$|\.yaml$
  savefits: true
  scratchdir: /scratch
  usescratch: false
  workdir: null
  workdir_regex:
  - \.fits$|\.fit$|\.xml$|\.npy$
gtlike:
  bexpmap: null
  bexpmap_base: null
  bexpmap_roi: null
  bexpmap_roi_base: null
  convolve: true
  edisp: true
  edisp_bins: -1
  edisp_disable: []
  expscale: null
  irfs: P8R3_CLEAN_V2
  llscan_npts: 20
  minbinsz: 0.05
  resample: true
  rfactor: 2
  src_expscale: {}
  srcmap: null
  srcmap_base: null
  use_external_srcmap: false
  use_scaled_srcmap: false
  wmap: null
lightcurve:
  binsz: 86400.0
  free_background: false
  free_params: []
  free_radius: null
  free_sources: []
  make_plots: false
  max_free_sources: 5
  multithread: false
  nbins: null
  nthread: null
  outdir: null
  save_bin_data: true
  shape_ts_threshold: 16.0
  systematic: 0.02
  time_bins: []
  use_local_ltcube: true
  use_scaled_srcmap: false
  write_fits: true
  write_npy: true
localize:
  dtheta_max: 0.5
  fix_shape: false
  free_background: false
  free_radius: null
  make_plots: false
  nstep: 5
  tsmap_fitter: tsmap
  update: true
  write_fits: true
  write_npy: true
logging:
  chatter: 3
  prefix: ''
  verbosity: 3
ltcube:
  binsz: 1.0
  dcostheta: 0.025
  phibins: 0
  use_local_ltcube: false
mc:
  seed: null
model:
  assoc_xmatch_columns:
  - 3FGL_Name
  catalogs: []
  diffuse: []
  diffuse_dir: []
  diffuse_xml: []
  extdir: null
  extract_diffuse: false
  galdiff:
  - /pub/abrought/fermi-ml/data/Modified_Maps/masked_reprojected_pion_decay_annuli_0_5.fits
  - /pub/abrought/fermi-ml/data/Modified_Maps/masked_reprojected_pion_decay_annuli_6_9.fits
  - /pub/abrought/fermi-ml/data/Modified_Maps/masked_reprojected_pion_decay_annuli_10_12.fits
  - /pub/abrought/fermi-ml/data/Modified_Maps/masked_reprojected_pion_decay_annuli_13_16.fits
  - /pub/abrought/fermi-ml/data/CO12_Baseline/masked_reprojected_pion_decay_annuli_0_5.fits
  - /pub/abrought/fermi-ml/data/CO12_Baseline/masked_reprojected_pion_decay_annuli_6_9.fits
  - /pub/abrought/fermi-ml/data/CO12_Baseline/masked_reprojected_pion_decay_annuli_10_12.fits
  - /pub/abrought/fermi-ml/data/CO12_Baseline/masked_reprojected_pion_decay_annuli_13_16.fits
  - /pub/abrought/fermi-ml/data/LAT_excess_template_datacube_modified.fits
  - /pub/abrought/fermi-ml/data/LAT_excess_template_datacube_smart.fits
  - /pub/abrought/fermi-ml/data/M31/masked/masked_reprojected_pion_decay_HIR_mapcube_comp_0_5_56_M31_AIC.fits
  - /pub/abrought/fermi-ml/data/M31/masked/masked_reprojected_pion_decay_HIR_mapcube_comp_6_9_56_M31_AIC.fits
  - /pub/abrought/fermi-ml/data/M31/masked/masked_reprojected_pion_decay_HIR_mapcube_comp_10_12_56_M31_AIC.fits
  - /pub/abrought/fermi-ml/data/M31/masked/masked_reprojected_pion_decay_HIR_mapcube_comp_13_16_56_M31_AIC.fits
  isodiff: []
  limbdiff: []
  merge_sources: true
  sources: []
  src_radius: null
  src_radius_roi: null
  src_roiwidth: 15.0
optimizer:
  init_lambda: 0.0001
  max_iter: 100
  min_fit_quality: 2
  optimizer: MINUIT
  retries: 3
  tol: 0.001
  verbosity: 0
plotting:
  catalogs: []
  cmap: magma
  cmap_resid: RdBu_r
  figsize:
  - 8.0
  - 6.0
  format: png
  graticule_radii: []
  interactive: false
  label_ts_threshold: 0.0
  loge_bounds: []
residmap:
  exclude: []
  loge_bounds: []
  make_plots: false
  model: {}
  use_weights: false
  write_fits: true
  write_npy: true
roiopt:
  max_free_sources: 5
  npred_frac: 0.95
  npred_threshold: 1.0
  shape_ts_threshold: 25.0
  skip: []
sed:
  bin_index: 2.0
  cov_scale: 3.0
  free_background: false
  free_pars: []
  free_radius: null
  make_plots: false
  ul_confidence: 0.95
  use_local_index: false
  write_fits: true
  write_npy: true
selection:
  convtype: null
  dec: null
  emax: 100000.0
  emin: 1000.0
  evclass: 256
  evtype: 3
  filter: null
  glat: 0.0
  glon: 325.0
  logemax: null
  logemin: null
  phasemax: null
  phasemin: null
  ra: null
  radius: null
  roicut: 'no'
  target: null
  tmax: 626835521
  tmin: 239557417
  zmax: 105.0
sourcefind:
  free_params: []
  max_iter: 5
  min_separation: 1.0
  model: {}
  multithread: false
  nthread: null
  sources_per_iter: 4
  sqrt_ts_threshold: 5.0
  tsmap_fitter: tsmap
tscube:
  cov_scale: -1.0
  cov_scale_bb: -1.0
  do_sed: true
  exclude: []
  init_lambda: 0.0
  max_iter: 30
  model: {}
  nnorm: 10
  norm_sigma: 5.0
  remake_test_source: false
  st_scan_level: 0
  tol: 0.001
  tol_type: 0
tsmap:
  exclude: []
  loge_bounds: []
  make_plots: false
  max_kernel_radius: 3.0
  model: {}
  multithread: false
  nthread: null
  write_fits: true
  write_npy: true

2023-07-06 16:22:48 DEBUG   GTAnalysis._create_component(): Creating Analysis Component: 00
2023-07-06 16:22:48 DEBUG   GTBinnedAnalysis.__init__(): Automatically setting selection radius to 35.8553390593 deg
2023-07-06 16:22:48 DEBUG   GTBinnedAnalysis.print_config(): Configuration:
binning:
  binsperdec: 10.0
  binsz: 0.08
  coordsys: GAL
  enumbins: null
  hpx_ebin: true
  hpx_order: 10
  hpx_ordering_scheme: RING
  npix: !!python/tuple
  - 625
  - 50
  proj: CAR
  projtype: WCS
  roiwidth: 10.0
data:
  cacheft1: true
  evfile: /pub/abrought/fermi-ml/data/filelist.txt
  ltcube: null
  scfile: /pub/abrought/fermi-ml/data/spacecraft.fits
file_suffix: _00
fileio:
  logfile: /dfs8/pub/abrought/fermi-ml/examples/example3/output/sim_0/fermipy.log
  outdir: /dfs8/pub/abrought/fermi-ml/examples/example3/output/sim_0
  outdir_regex:
  - \.fits$|\.fit$|\.xml$|\.npy$|\.png$|\.pdf$|\.yaml$
  savefits: true
  scratchdir: /scratch
  usescratch: false
  workdir: /dfs8/pub/abrought/fermi-ml/examples/example3/output/sim_0
  workdir_regex:
  - \.fits$|\.fit$|\.xml$|\.npy$
gtlike:
  bexpmap: null
  bexpmap_base: null
  bexpmap_roi: null
  bexpmap_roi_base: null
  convolve: true
  edisp: true
  edisp_bins: -1
  edisp_disable: []
  expscale: null
  irfs: P8R3_CLEAN_V2
  llscan_npts: 20
  minbinsz: 0.05
  resample: true
  rfactor: 2
  src_expscale: {}
  srcmap: null
  srcmap_base: null
  use_external_srcmap: false
  use_scaled_srcmap: false
  wmap: null
logging:
  chatter: 3
  prefix: ''
  verbosity: 3
ltcube:
  binsz: 1.0
  dcostheta: 0.025
  phibins: 0
  use_local_ltcube: false
model:
  assoc_xmatch_columns:
  - 3FGL_Name
  catalogs: []
  diffuse: []
  diffuse_dir: []
  diffuse_xml: []
  extdir: null
  extract_diffuse: false
  galdiff:
  - /pub/abrought/fermi-ml/data/Modified_Maps/masked_reprojected_pion_decay_annuli_0_5.fits
  - /pub/abrought/fermi-ml/data/Modified_Maps/masked_reprojected_pion_decay_annuli_6_9.fits
  - /pub/abrought/fermi-ml/data/Modified_Maps/masked_reprojected_pion_decay_annuli_10_12.fits
  - /pub/abrought/fermi-ml/data/Modified_Maps/masked_reprojected_pion_decay_annuli_13_16.fits
  - /pub/abrought/fermi-ml/data/CO12_Baseline/masked_reprojected_pion_decay_annuli_0_5.fits
  - /pub/abrought/fermi-ml/data/CO12_Baseline/masked_reprojected_pion_decay_annuli_6_9.fits
  - /pub/abrought/fermi-ml/data/CO12_Baseline/masked_reprojected_pion_decay_annuli_10_12.fits
  - /pub/abrought/fermi-ml/data/CO12_Baseline/masked_reprojected_pion_decay_annuli_13_16.fits
  - /pub/abrought/fermi-ml/data/LAT_excess_template_datacube_modified.fits
  - /pub/abrought/fermi-ml/data/LAT_excess_template_datacube_smart.fits
  - /pub/abrought/fermi-ml/data/M31/masked/masked_reprojected_pion_decay_HIR_mapcube_comp_0_5_56_M31_AIC.fits
  - /pub/abrought/fermi-ml/data/M31/masked/masked_reprojected_pion_decay_HIR_mapcube_comp_6_9_56_M31_AIC.fits
  - /pub/abrought/fermi-ml/data/M31/masked/masked_reprojected_pion_decay_HIR_mapcube_comp_10_12_56_M31_AIC.fits
  - /pub/abrought/fermi-ml/data/M31/masked/masked_reprojected_pion_decay_HIR_mapcube_comp_13_16_56_M31_AIC.fits
  isodiff: []
  limbdiff: []
  merge_sources: true
  sources: []
  src_radius: null
  src_radius_roi: null
  src_roiwidth: 15.0
name: '00'
selection:
  convtype: null
  dec: null
  emax: 100000.0
  emin: 1000.0
  evclass: 256
  evtype: 3
  filter: null
  glat: 0.0
  glon: 325.0
  logemax: !!python/object/apply:numpy.core.multiarray.scalar
  - &id001 !!python/object/apply:numpy.dtype
    args:
    - f8
    - 0
    - 1
    state: !!python/tuple
    - 3
    - <
    - null
    - null
    - null
    - -1
    - -1
    - 0
  - "\0\0\0\0\0\0\x14@"
  logemin: !!python/object/apply:numpy.core.multiarray.scalar
  - *id001
  - "\0\0\0\0\0\0\b@"
  phasemax: null
  phasemin: null
  ra: null
  radius: 35.85533905932738
  roicut: 'no'
  target: null
  tmax: 626835521
  tmin: 239557417
  zmax: 105.0

2023-07-06 16:22:48 INFO    GTAnalysis.setup(): Running setup.
2023-07-06 16:22:48 INFO    GTBinnedAnalysis.setup(): Running setup for component 00
2023-07-06 16:22:48 INFO    GTBinnedAnalysis.run_gtapp(): Running gtselect.
2023-07-06 16:22:48 INFO    GTBinnedAnalysis.run_gtapp(): time -p gtselect infile=/dfs8/pub/abrought/fermi-ml/examples/example3/output/sim_0/evfile_00.txt outfile=/dfs8/pub/abrought/fermi-ml/examples/example3/output/sim_0/ft1_00.fits ra=234.499335329 dec=-55.5667877115 rad=35.8553390593 tmin=239557417.0 tmax=626835521.0 emin=1000.0 emax=100000.0 zmin=0.0 zmax=105.0 evclass=256 evtype=3 convtype=-1 phasemin=0.0 phasemax=1.0 evtable="EVENTS" chatter=3 clobber=yes debug=no gui=no mode="ql"
2023-07-06 17:09:45 INFO    GTBinnedAnalysis.run_gtapp(): 
2023-07-06 17:09:45 INFO    GTBinnedAnalysis.run_gtapp(): WARNING: version mismatch between CFITSIO header (v3.43) and linked library (v3.41).
2023-07-06 17:09:45 INFO    GTBinnedAnalysis.run_gtapp(): 
2023-07-06 17:09:45 INFO    GTBinnedAnalysis.run_gtapp(): This is gtselect version HEAD
2023-07-06 17:09:45 INFO    GTBinnedAnalysis.run_gtapp(): 
2023-07-06 17:09:45 INFO    GTBinnedAnalysis.run_gtapp(): WARNING:
2023-07-06 17:09:45 INFO    GTBinnedAnalysis.run_gtapp(): Over writing existing event class selection,
2023-07-06 17:09:45 INFO    GTBinnedAnalysis.run_gtapp(): BIT_MASK(EVENT_CLASS,128,P8R3)
2023-07-06 17:09:45 INFO    GTBinnedAnalysis.run_gtapp(): with
2023-07-06 17:09:45 INFO    GTBinnedAnalysis.run_gtapp(): BIT_MASK(EVENT_CLASS,256,P8R3)
2023-07-06 17:09:45 INFO    GTBinnedAnalysis.run_gtapp(): 
2023-07-06 17:09:45 INFO    GTBinnedAnalysis.run_gtapp(): Applying filter string: ((EVENT_CLASS&o400) != o0) && angsep(RA,DEC,234.4993353,-55.56678771) < 35.85533906 && ((EVENT_TYPE&o3) != o0) && 1000 < ENERGY && ENERGY <= 100000 && 239557417 < TIME && TIME <= 626835521 && 0 < ZENITH_ANGLE && ZENITH_ANGLE <= 105 && gtifilter()
2023-07-06 17:09:45 INFO    GTBinnedAnalysis.run_gtapp(): Done.
2023-07-06 17:09:45 INFO    GTBinnedAnalysis.run_gtapp(): Finished gtselect. Execution time: 2817.42 s
2023-07-06 17:09:45 INFO    GTBinnedAnalysis.run_gtapp(): Running gtltcube.
2023-07-06 17:09:45 INFO    GTBinnedAnalysis.run_gtapp(): time -p gtltcube evfile="/dfs8/pub/abrought/fermi-ml/examples/example3/output/sim_0/ft1_00.fits" evtable="EVENTS" scfile=/pub/abrought/fermi-ml/data/spacecraft.fits sctable="SC_DATA" outfile=/dfs8/pub/abrought/fermi-ml/examples/example3/output/sim_0/ltcube_00.fits dcostheta=0.025 binsz=1.0 phibins=0 tmin=0.0 tmax=0.0 file_version="1" zmin=0.0 zmax=105.0 chatter=2 clobber=yes debug=no gui=no mode="ql"
2023-07-06 19:51:33 INFO    GTBinnedAnalysis.run_gtapp(): 
2023-07-06 19:51:33 INFO    GTBinnedAnalysis.run_gtapp(): WARNING: version mismatch between CFITSIO header (v3.43) and linked library (v3.41).
2023-07-06 19:51:33 INFO    GTBinnedAnalysis.run_gtapp(): 
2023-07-06 19:51:33 INFO    GTBinnedAnalysis.run_gtapp(): Working on file /pub/abrought/fermi-ml/data/spacecraft.fits
2023-07-06 19:51:33 INFO    GTBinnedAnalysis.run_gtapp(): .....................!
2023-07-06 19:51:33 INFO    GTBinnedAnalysis.run_gtapp(): Finished gtltcube. Execution time: 9707.48 s
2023-07-06 19:51:33 DEBUG   GTBinnedAnalysis.setup(): Loading LT Cube /dfs8/pub/abrought/fermi-ml/examples/example3/output/sim_0/ltcube_00.fits
2023-07-06 19:51:33 DEBUG   GTBinnedAnalysis.setup(): Creating PSF model
2023-07-06 19:51:33 INFO    GTBinnedAnalysis.run_gtapp(): Running gtbin.
2023-07-06 19:51:33 INFO    GTBinnedAnalysis.run_gtapp(): time -p gtbin evfile=/dfs8/pub/abrought/fermi-ml/examples/example3/output/sim_0/ft1_00.fits scfile=/pub/abrought/fermi-ml/data/spacecraft.fits outfile=/dfs8/pub/abrought/fermi-ml/examples/example3/output/sim_0/ccube_00.fits algorithm="ccube" ebinalg="LOG" emin=1000.0 emax=100000.0 enumbins=20 ebinfile=NONE tbinalg="LIN" tbinfile=NONE nxpix=625 nypix=50 binsz=0.08 coordsys="GAL" xref=325.0 yref=0.0 axisrot=0.0 rafield="RA" decfield="DEC" proj="CAR" hpx_ordering_scheme="RING" hpx_order=3 hpx_ebin=yes hpx_region="" evtable="EVENTS" sctable="SC_DATA" efield="ENERGY" tfield="TIME" chatter=3 clobber=yes debug=no gui=no mode="ql"
2023-07-06 19:51:52 INFO    GTBinnedAnalysis.run_gtapp(): 
2023-07-06 19:51:52 INFO    GTBinnedAnalysis.run_gtapp(): WARNING: version mismatch between CFITSIO header (v3.43) and linked library (v3.41).
2023-07-06 19:51:52 INFO    GTBinnedAnalysis.run_gtapp(): 
2023-07-06 19:51:52 INFO    GTBinnedAnalysis.run_gtapp(): This is gtbin version HEAD
2023-07-06 19:51:52 INFO    GTBinnedAnalysis.run_gtapp(): Finished gtbin. Execution time: 18.44 s
2023-07-06 19:51:52 INFO    GTBinnedAnalysis.run_gtapp(): Running gtexpcube2.
2023-07-06 19:51:52 INFO    GTBinnedAnalysis.run_gtapp(): time -p gtexpcube2 infile=/dfs8/pub/abrought/fermi-ml/examples/example3/output/sim_0/ltcube_00.fits cmap=none outfile=/dfs8/pub/abrought/fermi-ml/examples/example3/output/sim_0/bexpmap_00.fits irfs="P8R3_CLEAN_V2" evtype=3 edisp_bins=-1 nxpix=360 nypix=180 binsz=1.0 coordsys="GAL" xref=0.0 yref=0.0 axisrot=0.0 proj="CAR" ebinalg="LOG" emin=1000.0 emax=100000.0 enumbins=20 ebinfile="NONE" hpx_ordering_scheme="RING" hpx_order=6 bincalc="EDGE" ignorephi=no thmax=180.0 thmin=0.0 table="EXPOSURE" chatter=3 clobber=yes debug=no mode="ql"
2023-07-06 19:51:58 INFO    GTBinnedAnalysis.run_gtapp(): 
2023-07-06 19:51:58 INFO    GTBinnedAnalysis.run_gtapp(): WARNING: version mismatch between CFITSIO header (v3.43) and linked library (v3.41).
2023-07-06 19:51:58 INFO    GTBinnedAnalysis.run_gtapp(): 
2023-07-06 19:51:58 INFO    GTBinnedAnalysis.run_gtapp(): This is gtexpcube2 version HEAD
2023-07-06 19:51:58 INFO    GTBinnedAnalysis.run_gtapp(): Using evtype=3 (i.e., FRONT/BACK irfs)
2023-07-06 19:51:58 INFO    GTBinnedAnalysis.run_gtapp(): ResponseFunctions::load: IRF used: P8R3_CLEAN_V2
2023-07-06 19:51:58 INFO    GTBinnedAnalysis.run_gtapp(): event_types:  0  1
2023-07-06 19:51:58 INFO    GTBinnedAnalysis.run_gtapp(): Computing binned exposure map....................!
2023-07-06 19:51:58 INFO    GTBinnedAnalysis.run_gtapp(): Finished gtexpcube2. Execution time: 6.25 s
2023-07-06 19:51:58 INFO    GTBinnedAnalysis.run_gtapp(): Running gtexpcube2.
2023-07-06 19:51:58 INFO    GTBinnedAnalysis.run_gtapp(): time -p gtexpcube2 infile=/dfs8/pub/abrought/fermi-ml/examples/example3/output/sim_0/ltcube_00.fits cmap=none outfile=/dfs8/pub/abrought/fermi-ml/examples/example3/output/sim_0/bexpmap_roi_00.fits irfs="P8R3_CLEAN_V2" evtype=3 edisp_bins=0 nxpix=625 nypix=50 binsz=0.08 coordsys="GAL" xref=325.0 yref=0.0 axisrot=0.0 proj="CAR" ebinalg="LOG" emin=1000.0 emax=100000.0 enumbins=20 ebinfile="NONE" hpx_ordering_scheme="RING" hpx_order=6 bincalc="EDGE" ignorephi=no thmax=180.0 thmin=0.0 table="EXPOSURE" chatter=3 clobber=yes debug=no mode="ql"
2023-07-06 19:52:02 INFO    GTBinnedAnalysis.run_gtapp(): 
2023-07-06 19:52:02 INFO    GTBinnedAnalysis.run_gtapp(): WARNING: version mismatch between CFITSIO header (v3.43) and linked library (v3.41).
2023-07-06 19:52:02 INFO    GTBinnedAnalysis.run_gtapp(): 
2023-07-06 19:52:02 INFO    GTBinnedAnalysis.run_gtapp(): This is gtexpcube2 version HEAD
2023-07-06 19:52:02 INFO    GTBinnedAnalysis.run_gtapp(): Using evtype=3 (i.e., FRONT/BACK irfs)
2023-07-06 19:52:02 INFO    GTBinnedAnalysis.run_gtapp(): ResponseFunctions::load: IRF used: P8R3_CLEAN_V2
2023-07-06 19:52:02 INFO    GTBinnedAnalysis.run_gtapp(): event_types:  0  1
2023-07-06 19:52:02 INFO    GTBinnedAnalysis.run_gtapp(): Computing binned exposure map.....................!
2023-07-06 19:52:02 INFO    GTBinnedAnalysis.run_gtapp(): Finished gtexpcube2. Execution time: 3.37 s
2023-07-06 19:52:02 INFO    GTBinnedAnalysis.run_gtapp(): Running gtsrcmaps.
2023-07-06 19:52:02 INFO    GTBinnedAnalysis.run_gtapp(): time -p gtsrcmaps scfile=/pub/abrought/fermi-ml/data/spacecraft.fits sctable="SC_DATA" expcube=/dfs8/pub/abrought/fermi-ml/examples/example3/output/sim_0/ltcube_00.fits cmap=/dfs8/pub/abrought/fermi-ml/examples/example3/output/sim_0/ccube_00.fits srcmdl=/dfs8/pub/abrought/fermi-ml/examples/example3/output/sim_0/srcmdl_00.xml bexpmap=/dfs8/pub/abrought/fermi-ml/examples/example3/output/sim_0/bexpmap_00.fits wmap=none outfile=/dfs8/pub/abrought/fermi-ml/examples/example3/output/sim_0/srcmap_00.fits irfs="P8R3_CLEAN_V2" evtype=3 convol=yes resample=yes rfactor=2 minbinsz=0.05 ptsrc=yes psfcorr=yes emapbnds=no edisp_bins=-1 copyall=no chatter=3 clobber=yes debug=no gui=no mode="ql"
2023-07-06 20:41:09 INFO    GTBinnedAnalysis.run_gtapp(): 
2023-07-06 20:41:09 INFO    GTBinnedAnalysis.run_gtapp(): WARNING: version mismatch between CFITSIO header (v3.43) and linked library (v3.41).
2023-07-06 20:41:09 INFO    GTBinnedAnalysis.run_gtapp(): 
2023-07-06 20:41:09 INFO    GTBinnedAnalysis.run_gtapp(): This is gtsrcmaps version HEAD
2023-07-06 20:41:09 INFO    GTBinnedAnalysis.run_gtapp(): Using evtype=3 (i.e., FRONT/BACK irfs)
2023-07-06 20:41:09 INFO    GTBinnedAnalysis.run_gtapp(): ResponseFunctions::load: IRF used: P8R3_CLEAN_V2
2023-07-06 20:41:09 INFO    GTBinnedAnalysis.run_gtapp(): event_types:  0  1
2023-07-06 20:41:09 INFO    GTBinnedAnalysis.run_gtapp(): Creating source named galdiff00
2023-07-06 20:41:09 INFO    GTBinnedAnalysis.run_gtapp(): Creating source named galdiff01
2023-07-06 20:41:09 INFO    GTBinnedAnalysis.run_gtapp(): Creating source named galdiff02
2023-07-06 20:41:09 INFO    GTBinnedAnalysis.run_gtapp(): Creating source named galdiff03
2023-07-06 20:41:09 INFO    GTBinnedAnalysis.run_gtapp(): Creating source named galdiff04
2023-07-06 20:41:09 INFO    GTBinnedAnalysis.run_gtapp(): Creating source named galdiff05
2023-07-06 20:41:09 INFO    GTBinnedAnalysis.run_gtapp(): Creating source named galdiff06
2023-07-06 20:41:09 INFO    GTBinnedAnalysis.run_gtapp(): Creating source named galdiff07
2023-07-06 20:41:09 INFO    GTBinnedAnalysis.run_gtapp(): Creating source named galdiff08
2023-07-06 20:41:09 INFO    GTBinnedAnalysis.run_gtapp(): Creating source named galdiff09
2023-07-06 20:41:09 INFO    GTBinnedAnalysis.run_gtapp(): Creating source named galdiff10
2023-07-06 20:41:09 INFO    GTBinnedAnalysis.run_gtapp(): Creating source named galdiff11
2023-07-06 20:41:09 INFO    GTBinnedAnalysis.run_gtapp(): Creating source named galdiff12
2023-07-06 20:41:09 INFO    GTBinnedAnalysis.run_gtapp(): Creating source named galdiff13
2023-07-06 20:41:09 INFO    GTBinnedAnalysis.run_gtapp(): Generating SourceMap for galdiff00 21....................!
2023-07-06 20:41:09 INFO    GTBinnedAnalysis.run_gtapp(): Generating SourceMap for galdiff01 21....................!
2023-07-06 20:41:09 INFO    GTBinnedAnalysis.run_gtapp(): Generating SourceMap for galdiff02 21....................!
2023-07-06 20:41:09 INFO    GTBinnedAnalysis.run_gtapp(): Generating SourceMap for galdiff03 21....................!
2023-07-06 20:41:09 INFO    GTBinnedAnalysis.run_gtapp(): Generating SourceMap for galdiff04 21....................!
2023-07-06 20:41:09 INFO    GTBinnedAnalysis.run_gtapp(): Generating SourceMap for galdiff05 21....................!
2023-07-06 20:41:09 INFO    GTBinnedAnalysis.run_gtapp(): Generating SourceMap for galdiff06 21....................!
2023-07-06 20:41:09 INFO    GTBinnedAnalysis.run_gtapp(): Generating SourceMap for galdiff07 21....................!
2023-07-06 20:41:09 INFO    GTBinnedAnalysis.run_gtapp(): Generating SourceMap for galdiff08 21....................!
2023-07-06 20:41:09 INFO    GTBinnedAnalysis.run_gtapp(): Generating SourceMap for galdiff09 21....................!
2023-07-06 20:41:09 INFO    GTBinnedAnalysis.run_gtapp(): Generating SourceMap for galdiff10 21....................!
2023-07-06 20:41:09 INFO    GTBinnedAnalysis.run_gtapp(): Generating SourceMap for galdiff11 21....................!
2023-07-06 20:41:09 INFO    GTBinnedAnalysis.run_gtapp(): Generating SourceMap for galdiff12 21....................!
2023-07-06 20:41:09 INFO    GTBinnedAnalysis.run_gtapp(): Generating SourceMap for galdiff13 21....................!
2023-07-06 20:41:09 INFO    GTBinnedAnalysis.run_gtapp(): ProjMap: extrapolated beyond the maximum energy for map cube file /pub/abrought/fermi-ml/data/Modified_Maps/masked_reprojected_pion_decay_annuli_0_5.fits 1690000 times.
2023-07-06 20:41:09 INFO    GTBinnedAnalysis.run_gtapp(): ProjMap: extrapolated beyond the maximum energy for map cube file /pub/abrought/fermi-ml/data/Modified_Maps/masked_reprojected_pion_decay_annuli_6_9.fits 1690000 times.
2023-07-06 20:41:09 INFO    GTBinnedAnalysis.run_gtapp(): ProjMap: extrapolated beyond the maximum energy for map cube file /pub/abrought/fermi-ml/data/Modified_Maps/masked_reprojected_pion_decay_annuli_10_12.fits 1690000 times.
2023-07-06 20:41:09 INFO    GTBinnedAnalysis.run_gtapp(): ProjMap: extrapolated beyond the maximum energy for map cube file /pub/abrought/fermi-ml/data/Modified_Maps/masked_reprojected_pion_decay_annuli_13_16.fits 1690000 times.
2023-07-06 20:41:09 INFO    GTBinnedAnalysis.run_gtapp(): ProjMap: extrapolated beyond the maximum energy for map cube file /pub/abrought/fermi-ml/data/CO12_Baseline/masked_reprojected_pion_decay_annuli_0_5.fits 1690000 times.
2023-07-06 20:41:09 INFO    GTBinnedAnalysis.run_gtapp(): ProjMap: extrapolated beyond the maximum energy for map cube file /pub/abrought/fermi-ml/data/CO12_Baseline/masked_reprojected_pion_decay_annuli_6_9.fits 1690000 times.
2023-07-06 20:41:09 INFO    GTBinnedAnalysis.run_gtapp(): ProjMap: extrapolated beyond the maximum energy for map cube file /pub/abrought/fermi-ml/data/CO12_Baseline/masked_reprojected_pion_decay_annuli_10_12.fits 1690000 times.
2023-07-06 20:41:09 INFO    GTBinnedAnalysis.run_gtapp(): ProjMap: extrapolated beyond the maximum energy for map cube file /pub/abrought/fermi-ml/data/CO12_Baseline/masked_reprojected_pion_decay_annuli_13_16.fits 1690000 times.
2023-07-06 20:41:09 INFO    GTBinnedAnalysis.run_gtapp(): ProjMap: extrapolated beyond the maximum energy for map cube file /pub/abrought/fermi-ml/data/LAT_excess_template_datacube_modified.fits 1690000 times.
2023-07-06 20:41:09 INFO    GTBinnedAnalysis.run_gtapp(): ProjMap: extrapolated beyond the maximum energy for map cube file /pub/abrought/fermi-ml/data/LAT_excess_template_datacube_smart.fits 1690000 times.
2023-07-06 20:41:09 INFO    GTBinnedAnalysis.run_gtapp(): ProjMap: extrapolated beyond the maximum energy for map cube file /pub/abrought/fermi-ml/data/M31/masked/masked_reprojected_pion_decay_HIR_mapcube_comp_0_5_56_M31_AIC.fits 1690000 times.
2023-07-06 20:41:09 INFO    GTBinnedAnalysis.run_gtapp(): ProjMap: extrapolated beyond the maximum energy for map cube file /pub/abrought/fermi-ml/data/M31/masked/masked_reprojected_pion_decay_HIR_mapcube_comp_6_9_56_M31_AIC.fits 1690000 times.
2023-07-06 20:41:09 INFO    GTBinnedAnalysis.run_gtapp(): ProjMap: extrapolated beyond the maximum energy for map cube file /pub/abrought/fermi-ml/data/M31/masked/masked_reprojected_pion_decay_HIR_mapcube_comp_10_12_56_M31_AIC.fits 1690000 times.
2023-07-06 20:41:09 INFO    GTBinnedAnalysis.run_gtapp(): ProjMap: extrapolated beyond the maximum energy for map cube file /pub/abrought/fermi-ml/data/M31/masked/masked_reprojected_pion_decay_HIR_mapcube_comp_13_16_56_M31_AIC.fits 1690000 times.
2023-07-06 20:41:09 INFO    GTBinnedAnalysis.run_gtapp(): Finished gtsrcmaps. Execution time: 2946.89 s
2023-07-06 20:41:09 INFO    GTBinnedAnalysis.setup(): Finished setup for component 00
2023-07-06 20:41:09 INFO    GTBinnedAnalysis._create_binned_analysis(): Creating BinnedAnalysis for component 00.
2023-07-06 20:41:09 DEBUG   GTBinnedAnalysis._create_binned_analysis(): Creating BinnedObs
2023-07-06 20:41:09 DEBUG   GTBinnedAnalysis._create_binned_analysis(): {'irfs': 'P8R3_CLEAN_V2', 'expCube': '/dfs8/pub/abrought/fermi-ml/examples/example3/output/sim_0/ltcube_00.fits', 'srcMaps': '/dfs8/pub/abrought/fermi-ml/examples/example3/output/sim_0/srcmap_00.fits', 'binnedExpMap': '/dfs8/pub/abrought/fermi-ml/examples/example3/output/sim_0/bexpmap_00.fits'}
2023-07-06 20:41:10 DEBUG   GTBinnedAnalysis._create_binned_analysis(): Creating BinnedAnalysis
2023-07-06 20:41:10 DEBUG   GTBinnedAnalysis._create_binned_analysis(): {'minbinsz': 0.05, 'convolve': True, 'optimizer': 'MINUIT', 'resamp_fact': 2, 'srcModel': '/dfs8/pub/abrought/fermi-ml/examples/example3/output/sim_0/srcmdl_00.xml', 'resample': True, 'edisp_bins': -1, 'wmap': None}
2023-07-06 20:41:16 DEBUG   GTBinnedAnalysis._create_binned_analysis(): Computing fixed weights
2023-07-06 20:41:16 DEBUG   GTBinnedAnalysis._create_binned_analysis(): Updating source maps
2023-07-06 20:41:17 INFO    GTAnalysis.setup(): Initializing source properties
2023-07-06 20:41:17 DEBUG   GTAnalysis.setup(): Initializing source galdiff00
2023-07-06 20:41:17 DEBUG   GTAnalysis.get_src_model(): Generating source dict for galdiff00
2023-07-06 20:41:17 DEBUG   GTAnalysis.setup(): Initializing source galdiff01
2023-07-06 20:41:17 DEBUG   GTAnalysis.get_src_model(): Generating source dict for galdiff01
2023-07-06 20:41:18 DEBUG   GTAnalysis.setup(): Initializing source galdiff02
2023-07-06 20:41:18 DEBUG   GTAnalysis.get_src_model(): Generating source dict for galdiff02
2023-07-06 20:41:18 DEBUG   GTAnalysis.setup(): Initializing source galdiff03
2023-07-06 20:41:18 DEBUG   GTAnalysis.get_src_model(): Generating source dict for galdiff03
2023-07-06 20:41:18 DEBUG   GTAnalysis.setup(): Initializing source galdiff04
2023-07-06 20:41:18 DEBUG   GTAnalysis.get_src_model(): Generating source dict for galdiff04
2023-07-06 20:41:19 DEBUG   GTAnalysis.setup(): Initializing source galdiff05
2023-07-06 20:41:19 DEBUG   GTAnalysis.get_src_model(): Generating source dict for galdiff05
2023-07-06 20:41:19 DEBUG   GTAnalysis.setup(): Initializing source galdiff06
2023-07-06 20:41:19 DEBUG   GTAnalysis.get_src_model(): Generating source dict for galdiff06
2023-07-06 20:41:19 DEBUG   GTAnalysis.setup(): Initializing source galdiff07
2023-07-06 20:41:19 DEBUG   GTAnalysis.get_src_model(): Generating source dict for galdiff07
2023-07-06 20:41:20 DEBUG   GTAnalysis.setup(): Initializing source galdiff08
2023-07-06 20:41:20 DEBUG   GTAnalysis.get_src_model(): Generating source dict for galdiff08
2023-07-06 20:41:20 DEBUG   GTAnalysis.setup(): Initializing source galdiff09
2023-07-06 20:41:20 DEBUG   GTAnalysis.get_src_model(): Generating source dict for galdiff09
2023-07-06 20:41:21 DEBUG   GTAnalysis.setup(): Initializing source galdiff10
2023-07-06 20:41:21 DEBUG   GTAnalysis.get_src_model(): Generating source dict for galdiff10
2023-07-06 20:41:22 DEBUG   GTAnalysis.setup(): Initializing source galdiff11
2023-07-06 20:41:22 DEBUG   GTAnalysis.get_src_model(): Generating source dict for galdiff11
2023-07-06 20:41:24 DEBUG   GTAnalysis.setup(): Initializing source galdiff12
2023-07-06 20:41:24 DEBUG   GTAnalysis.get_src_model(): Generating source dict for galdiff12
2023-07-06 20:41:25 DEBUG   GTAnalysis.setup(): Initializing source galdiff13
2023-07-06 20:41:25 DEBUG   GTAnalysis.get_src_model(): Generating source dict for galdiff13
2023-07-06 20:41:27 INFO    GTAnalysis.setup(): Finished setup.
2023-07-06 20:41:27 DEBUG   GTAnalysis.get_src_model(): Generating source dict for galdiff04
2023-07-06 20:41:27 DEBUG   GTAnalysis.get_src_model(): Generating source dict for galdiff05
2023-07-06 20:41:27 DEBUG   GTAnalysis.get_src_model(): Generating source dict for galdiff06
2023-07-06 20:41:27 DEBUG   GTAnalysis.get_src_model(): Generating source dict for galdiff07
2023-07-06 20:41:27 DEBUG   GTAnalysis.get_src_model(): Generating source dict for galdiff08
2023-07-06 20:41:27 DEBUG   GTAnalysis.get_src_model(): Generating source dict for galdiff09
2023-07-06 20:41:27 INFO    GTAnalysis.simulate_roi(): Simulating ROI
2023-07-06 20:41:27 DEBUG   GTBinnedAnalysis.update_source_maps(): Updating source map for PRIMARY
2023-07-06 20:41:28 INFO    GTAnalysis.simulate_roi(): Finished
2023-07-06 20:41:28 INFO    GTAnalysis.delete_source(): Deleting source galdiff00
2023-07-06 20:41:28 DEBUG   GTAnalysis.free_source(): Freeing parameters for galdiff00             : ['Prefactor']
2023-07-06 20:41:28 DEBUG   GTBinnedAnalysis.delete_source(): Deleting source galdiff00
2023-07-06 20:41:28 INFO    GTAnalysis.delete_source(): Deleting source galdiff01
2023-07-06 20:41:28 DEBUG   GTAnalysis.free_source(): Freeing parameters for galdiff01             : ['Prefactor']
2023-07-06 20:41:28 DEBUG   GTBinnedAnalysis.delete_source(): Deleting source galdiff01
2023-07-06 20:41:28 INFO    GTAnalysis.delete_source(): Deleting source galdiff02
2023-07-06 20:41:28 DEBUG   GTAnalysis.free_source(): Freeing parameters for galdiff02             : ['Prefactor']
2023-07-06 20:41:28 DEBUG   GTBinnedAnalysis.delete_source(): Deleting source galdiff02
2023-07-06 20:41:28 INFO    GTAnalysis.delete_source(): Deleting source galdiff03
2023-07-06 20:41:28 DEBUG   GTAnalysis.free_source(): Freeing parameters for galdiff03             : ['Prefactor']
2023-07-06 20:41:28 DEBUG   GTBinnedAnalysis.delete_source(): Deleting source galdiff03
2023-07-06 20:41:28 DEBUG   GTAnalysis.get_src_model(): Generating source dict for galdiff04
2023-07-06 20:41:28 DEBUG   GTAnalysis.get_src_model(): Generating source dict for galdiff05
2023-07-06 20:41:28 DEBUG   GTAnalysis.get_src_model(): Generating source dict for galdiff06
2023-07-06 20:41:28 DEBUG   GTAnalysis.get_src_model(): Generating source dict for galdiff07
2023-07-06 20:41:28 DEBUG   GTAnalysis.get_src_model(): Generating source dict for galdiff10
2023-07-06 20:41:28 DEBUG   GTAnalysis.get_src_model(): Generating source dict for galdiff11
2023-07-06 20:41:28 DEBUG   GTAnalysis.get_src_model(): Generating source dict for galdiff12
2023-07-06 20:41:28 DEBUG   GTAnalysis.get_src_model(): Generating source dict for galdiff13
2023-07-06 20:41:28 INFO    GTAnalysis.free_source(): Freeing parameters for galdiff04             : ['Prefactor', 'Index']
2023-07-06 20:41:28 INFO    GTAnalysis.free_source(): Freeing parameters for galdiff05             : ['Prefactor', 'Index']
2023-07-06 20:41:28 INFO    GTAnalysis.free_source(): Freeing parameters for galdiff06             : ['Prefactor', 'Index']
2023-07-06 20:41:28 INFO    GTAnalysis.free_source(): Freeing parameters for galdiff07             : ['Prefactor', 'Index']
2023-07-06 20:41:28 INFO    GTAnalysis.free_source(): Freeing parameters for galdiff08             : ['Prefactor', 'Index']
2023-07-06 20:41:28 INFO    GTAnalysis.free_source(): Freeing parameters for galdiff09             : ['Prefactor', 'Index']
2023-07-06 20:41:28 INFO    GTAnalysis.free_source(): Freeing parameters for galdiff10             : ['Prefactor', 'Index']
2023-07-06 20:41:28 INFO    GTAnalysis.free_source(): Freeing parameters for galdiff11             : ['Prefactor', 'Index']
2023-07-06 20:41:28 INFO    GTAnalysis.free_source(): Freeing parameters for galdiff12             : ['Prefactor', 'Index']
2023-07-06 20:41:28 INFO    GTAnalysis.free_source(): Freeing parameters for galdiff13             : ['Prefactor', 'Index']
2023-07-06 20:41:28 INFO    GTAnalysis.free_source(): Fixing parameters for galdiff07             : ['Prefactor', 'Index']
2023-07-06 20:41:28 INFO    GTAnalysis.free_source(): Fixing parameters for galdiff08             : ['Prefactor', 'Index']
2023-07-06 20:41:28 INFO    GTAnalysis.free_source(): Fixing parameters for galdiff09             : ['Prefactor', 'Index']
2023-07-06 20:41:28 INFO    GTAnalysis.free_source(): Fixing parameters for galdiff10             : ['Prefactor', 'Index']
2023-07-06 20:41:28 INFO    GTAnalysis.free_source(): Fixing parameters for galdiff11             : ['Prefactor', 'Index']
2023-07-06 20:41:28 INFO    GTAnalysis.free_source(): Fixing parameters for galdiff12             : ['Prefactor', 'Index']
2023-07-06 20:41:28 INFO    GTAnalysis.free_source(): Fixing parameters for galdiff13             : ['Prefactor', 'Index']
2023-07-06 20:41:28 INFO    GTAnalysis.fit(): Starting fit.
2023-07-06 20:41:30 DEBUG   GTAnalysis.fit(): Fit complete.
2023-07-06 20:41:30 DEBUG   GTAnalysis.get_src_model(): Generating source dict for galdiff04
2023-07-06 20:41:30 DEBUG   GTAnalysis.profile_norm(): Profiling galdiff04
2023-07-06 20:41:30 DEBUG   GTAnalysis.free_source(): Fixing parameters for galdiff04             : ['Index']
2023-07-06 20:41:30 DEBUG   GTAnalysis.free_source(): Fixing parameters for galdiff05             : ['Index']
2023-07-06 20:41:30 DEBUG   GTAnalysis.free_source(): Fixing parameters for galdiff06             : ['Index']
2023-07-06 20:41:31 DEBUG   GTAnalysis.profile_norm(): Finished
2023-07-06 20:41:31 DEBUG   GTAnalysis.get_src_model(): Generating source dict for galdiff05
2023-07-06 20:41:31 DEBUG   GTAnalysis.profile_norm(): Profiling galdiff05
2023-07-06 20:41:31 DEBUG   GTAnalysis.free_source(): Fixing parameters for galdiff04             : ['Index']
2023-07-06 20:41:31 DEBUG   GTAnalysis.free_source(): Fixing parameters for galdiff05             : ['Index']
2023-07-06 20:41:31 DEBUG   GTAnalysis.free_source(): Fixing parameters for galdiff06             : ['Index']
2023-07-06 20:41:31 DEBUG   GTAnalysis.profile_norm(): Finished
2023-07-06 20:41:31 DEBUG   GTAnalysis.get_src_model(): Generating source dict for galdiff06
2023-07-06 20:41:31 DEBUG   GTAnalysis.profile_norm(): Profiling galdiff06
2023-07-06 20:41:31 DEBUG   GTAnalysis.free_source(): Fixing parameters for galdiff04             : ['Index']
2023-07-06 20:41:31 DEBUG   GTAnalysis.free_source(): Fixing parameters for galdiff05             : ['Index']
2023-07-06 20:41:31 DEBUG   GTAnalysis.free_source(): Fixing parameters for galdiff06             : ['Index']
2023-07-06 20:41:31 DEBUG   GTAnalysis.profile_norm(): Finished
2023-07-06 20:41:31 INFO    GTAnalysis.fit(): Fit returned successfully. Quality:   3 Status:   0
2023-07-06 20:41:31 INFO    GTAnalysis.fit(): LogLike:   235349.361 DeltaLogLike:     6471.775 
2023-07-06 20:41:31 DEBUG   GTAnalysis.get_src_model(): Generating source dict for galdiff04
2023-07-06 20:41:31 DEBUG   GTAnalysis.profile_norm(): Profiling galdiff04
2023-07-06 20:41:31 DEBUG   GTAnalysis.free_source(): Fixing parameters for galdiff04             : ['Index']
2023-07-06 20:41:31 DEBUG   GTAnalysis.free_source(): Fixing parameters for galdiff05             : ['Index']
2023-07-06 20:41:31 DEBUG   GTAnalysis.free_source(): Fixing parameters for galdiff06             : ['Index']
2023-07-06 20:41:31 DEBUG   GTAnalysis.profile_norm(): Finished
2023-07-06 20:41:31 DEBUG   GTAnalysis.get_src_model(): Generating source dict for galdiff05
2023-07-06 20:41:31 DEBUG   GTAnalysis.profile_norm(): Profiling galdiff05
2023-07-06 20:41:31 DEBUG   GTAnalysis.free_source(): Fixing parameters for galdiff04             : ['Index']
2023-07-06 20:41:31 DEBUG   GTAnalysis.free_source(): Fixing parameters for galdiff05             : ['Index']
2023-07-06 20:41:31 DEBUG   GTAnalysis.free_source(): Fixing parameters for galdiff06             : ['Index']
2023-07-06 20:41:32 DEBUG   GTAnalysis.profile_norm(): Finished
2023-07-06 20:41:32 DEBUG   GTAnalysis.get_src_model(): Generating source dict for galdiff06
2023-07-06 20:41:32 DEBUG   GTAnalysis.profile_norm(): Profiling galdiff06
2023-07-06 20:41:32 DEBUG   GTAnalysis.free_source(): Fixing parameters for galdiff04             : ['Index']
2023-07-06 20:41:32 DEBUG   GTAnalysis.free_source(): Fixing parameters for galdiff05             : ['Index']
2023-07-06 20:41:32 DEBUG   GTAnalysis.free_source(): Fixing parameters for galdiff06             : ['Index']
2023-07-06 20:41:32 DEBUG   GTAnalysis.profile_norm(): Finished
2023-07-06 20:41:32 DEBUG   GTAnalysis.get_src_model(): Generating source dict for galdiff07
2023-07-06 20:41:32 DEBUG   GTAnalysis.get_src_model(): Generating source dict for galdiff08
2023-07-06 20:41:32 DEBUG   GTAnalysis.get_src_model(): Generating source dict for galdiff09
2023-07-06 20:41:32 INFO    GTBinnedAnalysis.write_model_map(): Generating model map for component 00.
2023-07-06 20:41:33 DEBUG   GTAnalysis.get_src_model(): Generating source dict for galdiff04
2023-07-06 20:41:33 DEBUG   GTAnalysis.profile_norm(): Profiling galdiff04
2023-07-06 20:41:33 DEBUG   GTAnalysis.free_source(): Fixing parameters for galdiff04             : ['Index']
2023-07-06 20:41:33 DEBUG   GTAnalysis.free_source(): Fixing parameters for galdiff05             : ['Index']
2023-07-06 20:41:33 DEBUG   GTAnalysis.free_source(): Fixing parameters for galdiff06             : ['Index']
2023-07-06 20:41:33 DEBUG   GTAnalysis.profile_norm(): Finished
2023-07-06 20:41:33 DEBUG   GTAnalysis.get_src_model(): Generating source dict for galdiff05
2023-07-06 20:41:33 DEBUG   GTAnalysis.profile_norm(): Profiling galdiff05
2023-07-06 20:41:33 DEBUG   GTAnalysis.free_source(): Fixing parameters for galdiff04             : ['Index']
2023-07-06 20:41:33 DEBUG   GTAnalysis.free_source(): Fixing parameters for galdiff05             : ['Index']
2023-07-06 20:41:33 DEBUG   GTAnalysis.free_source(): Fixing parameters for galdiff06             : ['Index']
2023-07-06 20:41:33 DEBUG   GTAnalysis.profile_norm(): Finished
2023-07-06 20:41:33 DEBUG   GTAnalysis.get_src_model(): Generating source dict for galdiff06
2023-07-06 20:41:33 DEBUG   GTAnalysis.profile_norm(): Profiling galdiff06
2023-07-06 20:41:33 DEBUG   GTAnalysis.free_source(): Fixing parameters for galdiff04             : ['Index']
2023-07-06 20:41:33 DEBUG   GTAnalysis.free_source(): Fixing parameters for galdiff05             : ['Index']
2023-07-06 20:41:33 DEBUG   GTAnalysis.free_source(): Fixing parameters for galdiff06             : ['Index']
2023-07-06 20:41:34 DEBUG   GTAnalysis.profile_norm(): Finished
2023-07-06 20:41:34 DEBUG   GTAnalysis.get_src_model(): Generating source dict for galdiff07
2023-07-06 20:41:34 DEBUG   GTAnalysis.get_src_model(): Generating source dict for galdiff08
2023-07-06 20:41:34 DEBUG   GTAnalysis.get_src_model(): Generating source dict for galdiff09
2023-07-06 20:41:34 INFO    GTAnalysis.free_source(): Freeing parameters for galdiff07             : ['Prefactor', 'Index']
2023-07-06 20:41:34 INFO    GTAnalysis.free_source(): Freeing parameters for galdiff08             : ['Prefactor', 'Index']
2023-07-06 20:41:34 INFO    GTAnalysis.free_source(): Freeing parameters for galdiff09             : ['Prefactor', 'Index']
2023-07-06 20:41:34 INFO    GTAnalysis.free_source(): Freeing parameters for galdiff10             : ['Prefactor', 'Index']
2023-07-06 20:41:34 INFO    GTAnalysis.free_source(): Freeing parameters for galdiff11             : ['Prefactor', 'Index']
2023-07-06 20:41:34 INFO    GTAnalysis.free_source(): Freeing parameters for galdiff12             : ['Prefactor', 'Index']
2023-07-06 20:41:34 INFO    GTAnalysis.free_source(): Freeing parameters for galdiff13             : ['Prefactor', 'Index']
2023-07-06 20:41:34 INFO    GTAnalysis.free_source(): Fixing parameters for galdiff07             : ['Prefactor', 'Index']
2023-07-06 20:41:34 INFO    GTAnalysis.free_source(): Fixing parameters for galdiff09             : ['Prefactor', 'Index']
2023-07-06 20:41:34 INFO    GTAnalysis.free_source(): Fixing parameters for galdiff08             : ['Index']
2023-07-06 20:41:34 INFO    GTAnalysis.free_source(): Fixing parameters for galdiff10             : ['Prefactor', 'Index']
2023-07-06 20:41:34 INFO    GTAnalysis.free_source(): Fixing parameters for galdiff11             : ['Prefactor', 'Index']
2023-07-06 20:41:34 INFO    GTAnalysis.free_source(): Fixing parameters for galdiff12             : ['Prefactor', 'Index']
2023-07-06 20:41:34 INFO    GTAnalysis.free_source(): Fixing parameters for galdiff13             : ['Prefactor', 'Index']
2023-07-06 20:41:34 INFO    GTAnalysis.fit(): Starting fit.
2023-07-06 20:41:35 DEBUG   GTAnalysis.fit(): Fit complete.
2023-07-06 20:41:35 DEBUG   GTAnalysis.get_src_model(): Generating source dict for galdiff04
2023-07-06 20:41:35 DEBUG   GTAnalysis.profile_norm(): Profiling galdiff04
2023-07-06 20:41:35 DEBUG   GTAnalysis.free_source(): Fixing parameters for galdiff04             : ['Index']
2023-07-06 20:41:35 DEBUG   GTAnalysis.free_source(): Fixing parameters for galdiff05             : ['Index']
2023-07-06 20:41:35 DEBUG   GTAnalysis.free_source(): Fixing parameters for galdiff06             : ['Index']
2023-07-06 20:41:35 DEBUG   GTAnalysis.profile_norm(): Finished
2023-07-06 20:41:35 DEBUG   GTAnalysis.get_src_model(): Generating source dict for galdiff05
2023-07-06 20:41:35 DEBUG   GTAnalysis.profile_norm(): Profiling galdiff05
2023-07-06 20:41:35 DEBUG   GTAnalysis.free_source(): Fixing parameters for galdiff04             : ['Index']
2023-07-06 20:41:35 DEBUG   GTAnalysis.free_source(): Fixing parameters for galdiff05             : ['Index']
2023-07-06 20:41:35 DEBUG   GTAnalysis.free_source(): Fixing parameters for galdiff06             : ['Index']
2023-07-06 20:41:36 DEBUG   GTAnalysis.profile_norm(): Finished
2023-07-06 20:41:36 DEBUG   GTAnalysis.get_src_model(): Generating source dict for galdiff06
2023-07-06 20:41:36 DEBUG   GTAnalysis.profile_norm(): Profiling galdiff06
2023-07-06 20:41:36 DEBUG   GTAnalysis.free_source(): Fixing parameters for galdiff04             : ['Index']
2023-07-06 20:41:36 DEBUG   GTAnalysis.free_source(): Fixing parameters for galdiff05             : ['Index']
2023-07-06 20:41:36 DEBUG   GTAnalysis.free_source(): Fixing parameters for galdiff06             : ['Index']
2023-07-06 20:41:36 DEBUG   GTAnalysis.profile_norm(): Finished
2023-07-06 20:41:36 DEBUG   GTAnalysis.get_src_model(): Generating source dict for galdiff08
2023-07-06 20:41:36 DEBUG   GTAnalysis.profile_norm(): Profiling galdiff08
2023-07-06 20:41:36 DEBUG   GTAnalysis.free_source(): Fixing parameters for galdiff04             : ['Index']
2023-07-06 20:41:36 DEBUG   GTAnalysis.free_source(): Fixing parameters for galdiff05             : ['Index']
2023-07-06 20:41:36 DEBUG   GTAnalysis.free_source(): Fixing parameters for galdiff06             : ['Index']
2023-07-06 20:41:36 DEBUG   GTAnalysis.profile_norm(): Finished
2023-07-06 20:41:36 INFO    GTAnalysis.fit(): Fit returned successfully. Quality:   3 Status:   0
2023-07-06 20:41:36 INFO    GTAnalysis.fit(): LogLike:   236041.476 DeltaLogLike:     1477.717 
2023-07-06 20:41:36 INFO    GTBinnedAnalysis.write_xml(): Writing /dfs8/pub/abrought/fermi-ml/examples/example3/output/sim_0/after_alternative_fit_sim_0_00.xml...
2023-07-06 20:41:36 INFO    GTAnalysis.write_fits(): Writing /dfs8/pub/abrought/fermi-ml/examples/example3/output/sim_0/after_alternative_fit_sim_0.fits...
2023-07-06 20:41:44 INFO    GTAnalysis.write_roi(): Writing /dfs8/pub/abrought/fermi-ml/examples/example3/output/sim_0/after_alternative_fit_sim_0.npy...
2023-07-06 20:41:44 INFO    GTBinnedAnalysis.write_model_map(): Generating model map for component 00.
